<?xml version="1.0" encoding="UTF-8"?>
<!-- Generated by org.testng.reporters.JUnitXMLReporter -->
<testsuite ignored="0" hostname="nfml-rperezalcolea1EM" failures="1" tests="12" name="Command line test" time="0.038" errors="0" timestamp="09 Jul 2021 00:37:54 GMT">
  <testcase classname="nebula.test.testng.ParallelParameterizationTest" name="isOdd_ShouldReturnTrueForOddNumbers" time="0.005"/>
  <testcase classname="nebula.test.testng.ParallelParameterizationTest" name="isOdd_ShouldReturnTrueForOddNumbers" time="0.006"/>
  <testcase classname="nebula.test.testng.ParallelParameterizationTest" name="isOdd_ShouldReturnTrueForOddNumbers" time="0.006"/>
  <testcase classname="nebula.test.testng.ParallelParameterizationTest" name="isOdd_ShouldReturnTrueForOddNumbers" time="0.007"/>
  <testcase classname="nebula.test.testng.ParallelParameterizationTest" name="isOdd_ShouldReturnTrueForOddNumbers" time="0.007"/>
  <testcase classname="nebula.test.testng.ParallelParameterizationTest" name="isOdd_ShouldReturnTrueForOddNumbers" time="0.007"/>
  <testcase classname="nebula.test.testng.ParallelParameterizationTest" name="isOdd_ShouldReturnTrueForOddNumbers" time="0.007"/>
  <testcase classname="nebula.test.testng.ParallelParameterizationTest" name="isOdd_ShouldReturnTrueForOddNumbers" time="0.006"/>
  <testcase classname="nebula.test.testng.ParallelParameterizationTest" name="isOdd_ShouldReturnTrueForOddNumbers" time="0.006"/>
  <testcase classname="nebula.test.testng.ParallelParameterizationTest" name="isOdd_ShouldReturnTrueForOddNumbers" time="0.006"/>
  <testcase classname="nebula.test.testng.ParallelParameterizationTest" name="isOdd_ShouldReturnTrueForOddNumbers" time="0.013"/>
  <testcase classname="nebula.test.testng.ParallelParameterizationTest" name="isOdd_ShouldReturnTrueForOddNumbers" time="0.034">
    <failure type="org.testng.TestNGException" message="java.util.concurrent.ExecutionException: java.lang.NullPointerException">
      <![CDATA[org.testng.TestNGException: java.util.concurrent.ExecutionException: java.lang.NullPointerException
at org.junit.support.testng.engine.TestNGTestEngine.configureAndRun(TestNGTestEngine.java:152)
at org.junit.support.testng.engine.TestNGTestEngine.execute(TestNGTestEngine.java:137)
at org.junit.platform.launcher.core.EngineExecutionOrchestrator.execute(EngineExecutionOrchestrator.java:108)
at org.junit.platform.launcher.core.EngineExecutionOrchestrator.execute(EngineExecutionOrchestrator.java:88)
at org.junit.platform.launcher.core.EngineExecutionOrchestrator.lambda$execute$0(EngineExecutionOrchestrator.java:54)
at org.junit.platform.launcher.core.EngineExecutionOrchestrator.withInterceptedStreams(EngineExecutionOrchestrator.java:67)
at org.junit.platform.launcher.core.EngineExecutionOrchestrator.execute(EngineExecutionOrchestrator.java:52)
at org.junit.platform.launcher.core.DefaultLauncher.execute(DefaultLauncher.java:96)
at org.junit.platform.launcher.core.DefaultLauncher.execute(DefaultLauncher.java:75)
at com.sun.proxy.$Proxy2.stop(Unknown Source)
at java.base/java.util.concurrent.ThreadPoolExecutor.runWorker(ThreadPoolExecutor.java:1128)
at java.base/java.util.concurrent.ThreadPoolExecutor$Worker.run(ThreadPoolExecutor.java:628)
at java.base/java.lang.Thread.run(Thread.java:829)
Caused by: java.util.concurrent.ExecutionException: java.lang.NullPointerException
at java.base/java.util.concurrent.FutureTask.report(FutureTask.java:122)
at java.base/java.util.concurrent.FutureTask.get(FutureTask.java:191)
... 53 more
Caused by: java.lang.NullPointerException
at org.junit.support.testng.engine.ExecutionListener.reportFinished(ExecutionListener.java:169)
at org.junit.support.testng.engine.ExecutionListener.onTestSuccess(ExecutionListener.java:106)
at java.base/java.util.concurrent.FutureTask.run(FutureTask.java:264)
at java.base/java.util.concurrent.Executors$RunnableAdapter.call(Executors.java:515)
at java.base/java.util.concurrent.FutureTask.run(FutureTask.java:264)
at java.base/java.util.concurrent.ThreadPoolExecutor.runWorker(ThreadPoolExecutor.java:1128)
at java.base/java.util.concurrent.ThreadPoolExecutor$Worker.run(ThreadPoolExecutor.java:628)
... 1 more
... Removed 48 stack frames]]>
    </failure>
  </testcase> <!-- isOdd_ShouldReturnTrueForOddNumbers -->
</testsuite> <!-- Command line test -->
